build/outputs/logs/manifest-merger-debug-report.txt
-- Merging decision tree log ---
manifest
ADDED from workspace\HWCamera\AndroidManifest.xml:2:1-32:12
	package
		ADDED from workspace\HWCamera\AndroidManifest.xml:3:5-32
	android:versionName
		ADDED from workspace\HWCamera\AndroidManifest.xml:5:5-30
		INJECTED from workspace\HWCamera\AndroidManifest.xml
		INJECTED from workspace\HWCamera\AndroidManifest.xml
	android:versionCode
		ADDED from workspace\HWCamera\AndroidManifest.xml:4:5-28
		INJECTED from workspace\HWCamera\AndroidManifest.xml
		INJECTED from workspace\HWCamera\AndroidManifest.xml
	xmlns:android
		ADDED from workspace\HWCamera\AndroidManifest.xml:2:11-69
uses-permission#android.permission.INTERNET
ADDED from workspace\HWCamera\AndroidManifest.xml:6:2-64
	android:name
		ADDED from workspace\HWCamera\AndroidManifest.xml:6:19-61
uses-permission#android.permission.READ_PHONE_STATE
ADDED from workspace\HWCamera\AndroidManifest.xml:7:2-72
	android:name
		ADDED from workspace\HWCamera\AndroidManifest.xml:7:19-69
uses-permission#android.permission.WRITE_EXTERNAL_STORAGE
ADDED from workspace\HWCamera\AndroidManifest.xml:8:5-81
	android:name
		ADDED from workspace\HWCamera\AndroidManifest.xml:8:22-78
uses-permission#android.permission.READ_EXTERNAL_STORAGE
ADDED from workspace\HWCamera\AndroidManifest.xml:9:5-80
	android:name
		ADDED from workspace\HWCamera\AndroidManifest.xml:9:22-77
uses-permission#android.permission.ACCESS_WIFI_STATE
ADDED from workspace\HWCamera\AndroidManifest.xml:10:5-75
	android:name
		ADDED from workspace\HWCamera\AndroidManifest.xml:10:22-73
uses-permission#android.permission.CHANGE_WIFI_STATE
ADDED from workspace\HWCamera\AndroidManifest.xml:11:5-75
	android:name
		ADDED from workspace\HWCamera\AndroidManifest.xml:11:22-73
uses-permission#android.permission.WAKE_LOCK
ADDED from workspace\HWCamera\AndroidManifest.xml:12:5-67
	android:name
		ADDED from workspace\HWCamera\AndroidManifest.xml:12:22-65
uses-sdk
ADDED from workspace\HWCamera\AndroidManifest.xml:13:5-44
	android:minSdkVersion
		ADDED from workspace\HWCamera\AndroidManifest.xml:13:15-41
application
ADDED from workspace\HWCamera\AndroidManifest.xml:15:5-30:19
	android:label
		ADDED from workspace\HWCamera\AndroidManifest.xml:17:9-41
	android:icon
		ADDED from workspace\HWCamera\AndroidManifest.xml:16:9-45
activity#com.howell.camera.HWCameraActivity
ADDED from workspace\HWCamera\AndroidManifest.xml:18:9-29:20
	android:screenOrientation
		ADDED from workspace\HWCamera\AndroidManifest.xml:21:13-50
	android:label
		ADDED from workspace\HWCamera\AndroidManifest.xml:20:13-45
	android:configChanges
		ADDED from workspace\HWCamera\AndroidManifest.xml:22:13-74
	android:theme
		ADDED from workspace\HWCamera\AndroidManifest.xml:23:13-71
	android:name
		ADDED from workspace\HWCamera\AndroidManifest.xml:19:13-45
intent-filter#android.intent.action.MAIN+android.intent.category.LAUNCHER
ADDED from workspace\HWCamera\AndroidManifest.xml:24:13-28:29
action#android.intent.action.MAIN
ADDED from workspace\HWCamera\AndroidManifest.xml:25:17-69
	android:name
		ADDED from workspace\HWCamera\AndroidManifest.xml:25:25-66
category#android.intent.category.LAUNCHER
ADDED from workspace\HWCamera\AndroidManifest.xml:27:17-77
	android:name
		ADDED from workspace\HWCamera\AndroidManifest.xml:27:27-74